<?xml version="1.0" encoding="UTF-8"?>
<testsuite failures="3" skip="0" tests="4" name="Acceptance" errors="0">
<testcase classname="Acceptance.CreateContact" name="Test Create Contact" time="53">
</testcase>
<testcase classname="Acceptance.CreateLead" name="Test Create Lead" time="0">
<failure message="Test case contains no keywords." type="AssertionError"></failure>
</testcase>
<testcase classname="Acceptance.EditContact" name="Test Global Search" time="0">
<failure message="Test case contains no keywords." type="AssertionError"></failure>
</testcase>
<testcase classname="Acceptance.GobalSearchTest" name="Test Global Search" time="0">
<failure message="Test case contains no keywords." type="AssertionError"></failure>
</testcase>
</testsuite>
